/*C1*/SET SCHEMA PUBLIC
CONNECT USER SA
DISCONNECT
/*C2*/SET SCHEMA PUBLIC
CONNECT USER SA
DISCONNECT
/*C3*/SET SCHEMA PUBLIC
CONNECT USER SA
/*C4*/SET SCHEMA PUBLIC
CONNECT USER SA
/*C5*/SET SCHEMA PUBLIC
CONNECT USER SA
/*C6*/SET SCHEMA PUBLIC
CONNECT USER SA
/*C7*/SET SCHEMA PUBLIC
CONNECT USER SA
/*C8*/SET SCHEMA PUBLIC
CONNECT USER SA
/*C9*/SET SCHEMA PUBLIC
CONNECT USER SA
/*C10*/SET SCHEMA PUBLIC
CONNECT USER SA
/*C11*/SET SCHEMA PUBLIC
CONNECT USER SA
/*C12*/SET SCHEMA PUBLIC
CONNECT USER SA
SET LOGSIZE 2
/*C11*/SET AUTOCOMMIT FALSE
SET AUTOCOMMIT TRUE
/*C12*/DISCONNECT
/*C13*/SET SCHEMA PUBLIC
CONNECT USER SA
DISCONNECT
/*C14*/SET SCHEMA PUBLIC
CONNECT USER SA
SET AUTOCOMMIT FALSE
SET AUTOCOMMIT TRUE
SET AUTOCOMMIT FALSE
SET AUTOCOMMIT TRUE
SET AUTOCOMMIT FALSE
/*C15*/SET SCHEMA PUBLIC
CONNECT USER SA
SET AUTOCOMMIT FALSE
/*C14*/SET AUTOCOMMIT TRUE
/*C15*/SET AUTOCOMMIT TRUE
/*C11*/SET AUTOCOMMIT FALSE
/*C10*/SET AUTOCOMMIT FALSE
DELETE FROM FR_T_MODULE WHERE ID=1
DELETE FROM FR_T_MODULE WHERE ID=2
DELETE FROM FR_T_MODULE WHERE ID=3
DELETE FROM FR_T_MODULE WHERE ID=5
DELETE FROM FR_T_MODULE WHERE ID=8
DELETE FROM FR_T_MODULE WHERE ID=9
DELETE FROM FR_T_MODULE WHERE ID=13
DELETE FROM FR_T_MODULE WHERE ID=14
DELETE FROM FR_T_MODULE WHERE ID=16
DELETE FROM FR_T_MODULE WHERE ID=17
DELETE FROM FR_T_MODULE WHERE ID=18
INSERT INTO FR_T_MODULE VALUES(1,-1,'\u5e73\u53f0\u7ba1\u7406',NULL,'')
INSERT INTO FR_T_MODULE VALUES(2,1,'\u62a5\u8868\u7ba1\u7406',NULL,'')
INSERT INTO FR_T_MODULE VALUES(3,1,'\u7528\u6237\u7ba1\u7406',NULL,'')
INSERT INTO FR_T_MODULE VALUES(18,1,'\u6743\u9650\u7ba1\u7406',NULL,'')
INSERT INTO FR_T_MODULE VALUES(5,1,'\u7cfb\u7edf\u7ba1\u7406',NULL,'')
INSERT INTO FR_T_MODULE VALUES(14,1,'\u5e73\u53f0\u5916\u89c2',NULL,'')
INSERT INTO FR_T_MODULE VALUES(8,1,'\u6ce8\u518c\u4fe1\u606f',NULL,'')
INSERT INTO FR_T_MODULE VALUES(9,1,'\u7cfb\u7edf\u76d1\u63a7',NULL,'')
INSERT INTO FR_T_MODULE VALUES(16,1,'\u5b9a\u65f6\u8c03\u5ea6',NULL,'schedule')
INSERT INTO FR_T_MODULE VALUES(13,1,'\u6d41\u7a0b\u7ba1\u7406',NULL,'process')
INSERT INTO FR_T_MODULE VALUES(17,1,'\u79fb\u52a8\u5e73\u53f0',NULL,'MOBILE')
COMMIT
SET AUTOCOMMIT TRUE
SET AUTOCOMMIT FALSE
SET AUTOCOMMIT TRUE
/*C11*/SET AUTOCOMMIT TRUE
SET AUTOCOMMIT FALSE
DELETE FROM FR_T_MODULE WHERE ID=13
INSERT INTO FR_T_MODULE VALUES(13,0,'\u6d41\u7a0b\u7ba1\u7406',NULL,'process')
SET AUTOCOMMIT TRUE
/*C10*/DISCONNECT
/*C9*/DISCONNECT
/*C8*/DISCONNECT
/*C7*/DISCONNECT
/*C6*/DISCONNECT
/*C5*/DISCONNECT
/*C4*/DISCONNECT
/*C16*/SET SCHEMA PUBLIC
CONNECT USER SA
/*C3*/SET AUTOCOMMIT FALSE
SET AUTOCOMMIT TRUE
SET AUTOCOMMIT FALSE
DISCONNECT
/*C17*/SET SCHEMA PUBLIC
CONNECT USER SA
/*C16*/SET AUTOCOMMIT FALSE
SET AUTOCOMMIT TRUE
SET AUTOCOMMIT FALSE
SET AUTOCOMMIT TRUE
DISCONNECT
/*C18*/SET SCHEMA PUBLIC
CONNECT USER SA
/*C14*/SET AUTOCOMMIT FALSE
SET AUTOCOMMIT TRUE
SET AUTOCOMMIT FALSE
SET AUTOCOMMIT TRUE
SET AUTOCOMMIT FALSE
SET AUTOCOMMIT TRUE
SET AUTOCOMMIT FALSE
SET AUTOCOMMIT TRUE
SET AUTOCOMMIT FALSE
SET AUTOCOMMIT TRUE
SET AUTOCOMMIT FALSE
SET AUTOCOMMIT TRUE
SET AUTOCOMMIT FALSE
SET AUTOCOMMIT TRUE
SET AUTOCOMMIT FALSE
SET AUTOCOMMIT TRUE
SET AUTOCOMMIT FALSE
SET AUTOCOMMIT TRUE
SET AUTOCOMMIT FALSE
SET AUTOCOMMIT TRUE
SET AUTOCOMMIT FALSE
SET AUTOCOMMIT TRUE
SET AUTOCOMMIT FALSE
SET AUTOCOMMIT TRUE
SET AUTOCOMMIT FALSE
SET AUTOCOMMIT TRUE
SET AUTOCOMMIT FALSE
SET AUTOCOMMIT TRUE
SET AUTOCOMMIT FALSE
SET AUTOCOMMIT TRUE
SET AUTOCOMMIT FALSE
SET AUTOCOMMIT TRUE
SET AUTOCOMMIT FALSE
SET AUTOCOMMIT TRUE
